[22-Jun-2025 01:28:12 Asia/Ho_Chi_Minh] PHP Fatal error:  Uncaught TypeError: str_replace(): Argument #2 ($replace) must be of type string when argument #1 ($search) is a string in C:\xampp\htdocs\Music-Store\includes\functions\template.php:24
Stack trace:
#0 C:\xampp\htdocs\Music-Store\includes\functions\template.php(24): str_replace('{{user}}', Array, '<!DOCTYPE html>...')
#1 C:\xampp\htdocs\Music-Store\account.php(74): renderTemplate('account', Array)
#2 {main}
  thrown in C:\xampp\htdocs\Music-Store\includes\functions\template.php on line 24
[22-Jun-2025 01:28:18 Asia/Ho_Chi_Minh] PHP Fatal error:  Uncaught TypeError: str_replace(): Argument #2 ($replace) must be of type string when argument #1 ($search) is a string in C:\xampp\htdocs\Music-Store\includes\functions\template.php:24
Stack trace:
#0 C:\xampp\htdocs\Music-Store\includes\functions\template.php(24): str_replace('{{user}}', Array, '<!DOCTYPE html>...')
#1 C:\xampp\htdocs\Music-Store\account.php(74): renderTemplate('account', Array)
#2 {main}
  thrown in C:\xampp\htdocs\Music-Store\includes\functions\template.php on line 24
[22-Jun-2025 01:28:23 Asia/Ho_Chi_Minh] PHP Fatal error:  Uncaught TypeError: str_replace(): Argument #2 ($replace) must be of type string when argument #1 ($search) is a string in C:\xampp\htdocs\Music-Store\includes\functions\template.php:24
Stack trace:
#0 C:\xampp\htdocs\Music-Store\includes\functions\template.php(24): str_replace('{{user}}', Array, '<!DOCTYPE html>...')
#1 C:\xampp\htdocs\Music-Store\account.php(74): renderTemplate('account', Array)
#2 {main}
  thrown in C:\xampp\htdocs\Music-Store\includes\functions\template.php on line 24
[22-Jun-2025 01:33:00 Asia/Ho_Chi_Minh] PHP Fatal error:  Uncaught TypeError: str_replace(): Argument #2 ($replace) must be of type string when argument #1 ($search) is a string in C:\xampp\htdocs\Music-Store\includes\functions\template.php:24
Stack trace:
#0 C:\xampp\htdocs\Music-Store\includes\functions\template.php(24): str_replace('{{user}}', Array, '<!DOCTYPE html>...')
#1 C:\xampp\htdocs\Music-Store\account.php(74): renderTemplate('account', Array)
#2 {main}
  thrown in C:\xampp\htdocs\Music-Store\includes\functions\template.php on line 24
[22-Jun-2025 01:33:15 Asia/Ho_Chi_Minh] PHP Fatal error:  Uncaught TypeError: str_replace(): Argument #2 ($replace) must be of type string when argument #1 ($search) is a string in C:\xampp\htdocs\Music-Store\includes\functions\template.php:24
Stack trace:
#0 C:\xampp\htdocs\Music-Store\includes\functions\template.php(24): str_replace('{{user}}', Array, '<!DOCTYPE html>...')
#1 C:\xampp\htdocs\Music-Store\account.php(74): renderTemplate('account', Array)
#2 {main}
  thrown in C:\xampp\htdocs\Music-Store\includes\functions\template.php on line 24
[22-Jun-2025 01:33:18 Asia/Ho_Chi_Minh] PHP Fatal error:  Uncaught TypeError: str_replace(): Argument #2 ($replace) must be of type string when argument #1 ($search) is a string in C:\xampp\htdocs\Music-Store\includes\functions\template.php:24
Stack trace:
#0 C:\xampp\htdocs\Music-Store\includes\functions\template.php(24): str_replace('{{user}}', Array, '<!DOCTYPE html>...')
#1 C:\xampp\htdocs\Music-Store\account.php(74): renderTemplate('account', Array)
#2 {main}
  thrown in C:\xampp\htdocs\Music-Store\includes\functions\template.php on line 24
[22-Jun-2025 16:14:50 Asia/Ho_Chi_Minh] PHP Fatal error:  Uncaught Error: Call to undefined function renderUserLinks() in F:\xampp\htdocs\Music-Store\about.php:9
Stack trace:
#0 {main}
  thrown in F:\xampp\htdocs\Music-Store\about.php on line 9
[22-Jun-2025 16:14:53 Asia/Ho_Chi_Minh] PHP Fatal error:  Uncaught Error: Call to undefined function renderUserLinks() in F:\xampp\htdocs\Music-Store\about.php:9
Stack trace:
#0 {main}
  thrown in F:\xampp\htdocs\Music-Store\about.php on line 9
[22-Jun-2025 17:19:51 Asia/Ho_Chi_Minh] PHP Fatal error:  Uncaught Error: Call to undefined function renderUserLinks() in F:\xampp\htdocs\Music-Store\about.php:9
Stack trace:
#0 {main}
  thrown in F:\xampp\htdocs\Music-Store\about.php on line 9
[22-Jun-2025 17:22:01 Asia/Ho_Chi_Minh] PHP Fatal error:  Uncaught Error: Call to undefined function renderUserLinks() in F:\xampp\htdocs\Music-Store\about.php:9
Stack trace:
#0 {main}
  thrown in F:\xampp\htdocs\Music-Store\about.php on line 9
[22-Jun-2025 17:39:39 Asia/Ho_Chi_Minh] PHP Fatal error:  Uncaught Error: Call to undefined function renderUserLinks() in F:\xampp\htdocs\Music-Store\about.php:9
Stack trace:
#0 {main}
  thrown in F:\xampp\htdocs\Music-Store\about.php on line 9
[22-Jun-2025 18:11:00 Asia/Ho_Chi_Minh] PHP Fatal error:  Uncaught Error: Call to undefined function renderUserLinks() in F:\xampp\htdocs\Music-Store\about.php:9
Stack trace:
#0 {main}
  thrown in F:\xampp\htdocs\Music-Store\about.php on line 9
[22-Jun-2025 18:49:58 Asia/Ho_Chi_Minh] PHP Fatal error:  Uncaught Error: Call to undefined function renderUserLinks() in F:\xampp\htdocs\Music-Store\about.php:9
Stack trace:
#0 {main}
  thrown in F:\xampp\htdocs\Music-Store\about.php on line 9
[22-Jun-2025 19:25:34 Asia/Ho_Chi_Minh] PHP Fatal error:  Uncaught Error: Call to undefined function renderUserLinks() in F:\xampp\htdocs\Music-Store\about.php:9
Stack trace:
#0 {main}
  thrown in F:\xampp\htdocs\Music-Store\about.php on line 9
[22-Jun-2025 19:27:13 Asia/Ho_Chi_Minh] PHP Fatal error:  Uncaught Error: Call to undefined function renderUserLinks() in F:\xampp\htdocs\Music-Store\about.php:9
Stack trace:
#0 {main}
  thrown in F:\xampp\htdocs\Music-Store\about.php on line 9
[22-Jun-2025 20:19:20 Asia/Ho_Chi_Minh] PHP Fatal error:  Uncaught Error: Call to undefined function renderUserLinks() in F:\xampp\htdocs\Music-Store\about.php:9
Stack trace:
#0 {main}
  thrown in F:\xampp\htdocs\Music-Store\about.php on line 9
[23-Jun-2025 14:35:13 Asia/Ho_Chi_Minh] PHP Notice:  session_start(): Ignoring session_start() because a session is already active in F:\xampp\htdocs\Music-Store\cart.php on line 6
[23-Jun-2025 14:40:10 Asia/Ho_Chi_Minh] PHP Notice:  session_start(): Ignoring session_start() because a session is already active in F:\xampp\htdocs\Music-Store\cart.php on line 6
[23-Jun-2025 14:41:10 Asia/Ho_Chi_Minh] PHP Notice:  session_start(): Ignoring session_start() because a session is already active in F:\xampp\htdocs\Music-Store\cart.php on line 6
[23-Jun-2025 14:41:11 Asia/Ho_Chi_Minh] PHP Notice:  session_start(): Ignoring session_start() because a session is already active in F:\xampp\htdocs\Music-Store\cart.php on line 6
[23-Jun-2025 14:41:11 Asia/Ho_Chi_Minh] PHP Notice:  session_start(): Ignoring session_start() because a session is already active in F:\xampp\htdocs\Music-Store\cart.php on line 6
[23-Jun-2025 14:41:12 Asia/Ho_Chi_Minh] PHP Notice:  session_start(): Ignoring session_start() because a session is already active in F:\xampp\htdocs\Music-Store\cart.php on line 6
[23-Jun-2025 14:41:12 Asia/Ho_Chi_Minh] PHP Notice:  session_start(): Ignoring session_start() because a session is already active in F:\xampp\htdocs\Music-Store\cart.php on line 6
[23-Jun-2025 14:41:13 Asia/Ho_Chi_Minh] PHP Notice:  session_start(): Ignoring session_start() because a session is already active in F:\xampp\htdocs\Music-Store\cart.php on line 6
[23-Jun-2025 15:15:07 Asia/Ho_Chi_Minh] PHP Notice:  session_start(): Ignoring session_start() because a session is already active in F:\xampp\htdocs\Music-Store\cart.php on line 6
[23-Jun-2025 15:15:13 Asia/Ho_Chi_Minh] PHP Fatal error:  Uncaught Error: Call to undefined function renderUserLinks() in F:\xampp\htdocs\Music-Store\about.php:9
Stack trace:
#0 {main}
  thrown in F:\xampp\htdocs\Music-Store\about.php on line 9
